# JRE version: Java(TM) SE Runtime Environment (7.0_40-b43) (build 1.7.0_40-b43)
# Java VM: Java HotSpot(TM) 64-Bit Server VM (24.0-b56 mixed mode windows-amd64 compressed oops)
Heap
 par new generation   total 55296K, used 38826K [0x0000000730000000, 0x0000000733c00000, 0x0000000733c00000)
  eden space 49152K,  73% used [0x0000000730000000, 0x000000073236cfb8, 0x0000000733000000)
  from space 6144K,  41% used [0x0000000733600000, 0x000000073387dbc8, 0x0000000733c00000)
  to   space 6144K,   0% used [0x0000000733000000, 0x0000000733000000, 0x0000000733600000)
 concurrent mark-sweep generation total 102300K, used 64631K [0x0000000733c00000, 0x0000000739fe7000, 0x00000007f0000000)
 concurrent-mark-sweep perm gen total 262144K, used 58444K [0x00000007f0000000, 0x0000000800000000, 0x0000000800000000)
GC Heap History (10 events):
Event: 53.403 GC heap before
{Heap before GC invocations=18 (full 6):
 par new generation   total 55296K, used 23454K [0x0000000730000000, 0x0000000733c00000, 0x0000000733c00000)
  eden space 49152K,  39% used [0x0000000730000000, 0x000000073131f520, 0x0000000733000000)
  from space 6144K,  63% used [0x0000000733600000, 0x00000007339c86b8, 0x0000000733c00000)
  to   space 6144K,   0% used [0x0000000733000000, 0x0000000733000000, 0x0000000733600000)
 concurrent mark-sweep generation total 93496K, used 61958K [0x0000000733c00000, 0x000000073974e000, 0x00000007f0000000)
 concurrent-mark-sweep perm gen total 262144K, used 53005K [0x00000007f0000000, 0x0000000800000000, 0x0000000800000000)
Event: 54.092 GC heap after
Heap after GC invocations=19 (full 7):
 par new generation   total 55296K, used 0K [0x0000000730000000, 0x0000000733c00000, 0x0000000733c00000)
  eden space 49152K,   0% used [0x0000000730000000, 0x0000000730000000, 0x0000000733000000)
  from space 6144K,   0% used [0x0000000733600000, 0x0000000733600000, 0x0000000733c00000)
  to   space 6144K,   0% used [0x0000000733000000, 0x0000000733000000, 0x0000000733600000)
 concurrent mark-sweep generation total 102300K, used 61379K [0x0000000733c00000, 0x0000000739fe7000, 0x00000007f0000000)
 concurrent-mark-sweep perm gen total 262144K, used 52979K [0x00000007f0000000, 0x0000000800000000, 0x0000000800000000)
}
Event: 87.327 GC heap before
{Heap before GC invocations=19 (full 7):
 par new generation   total 55296K, used 49152K [0x0000000730000000, 0x0000000733c00000, 0x0000000733c00000)
  eden space 49152K, 100% used [0x0000000730000000, 0x0000000733000000, 0x0000000733000000)
  from space 6144K,   0% used [0x0000000733600000, 0x0000000733600000, 0x0000000733c00000)
  to   space 6144K,   0% used [0x0000000733000000, 0x0000000733000000, 0x0000000733600000)
 concurrent mark-sweep generation total 102300K, used 61379K [0x0000000733c00000, 0x0000000739fe7000, 0x00000007f0000000)
 concurrent-mark-sweep perm gen total 262144K, used 53125K [0x00000007f0000000, 0x0000000800000000, 0x0000000800000000)
Event: 87.335 GC heap after
Heap after GC invocations=20 (full 7):
 par new generation   total 55296K, used 2286K [0x0000000730000000, 0x0000000733c00000, 0x0000000733c00000)
  eden space 49152K,   0% used [0x0000000730000000, 0x0000000730000000, 0x0000000733000000)
  from space 6144K,  37% used [0x0000000733000000, 0x000000073323bb58, 0x0000000733600000)
  to   space 6144K,   0% used [0x0000000733600000, 0x0000000733600000, 0x0000000733c00000)
 concurrent mark-sweep generation total 102300K, used 61379K [0x0000000733c00000, 0x0000000739fe7000, 0x00000007f0000000)
 concurrent-mark-sweep perm gen total 262144K, used 53125K [0x00000007f0000000, 0x0000000800000000, 0x0000000800000000)
}
Event: 91.318 GC heap before
{Heap before GC invocations=20 (full 7):
 par new generation   total 55296K, used 51438K [0x0000000730000000, 0x0000000733c00000, 0x0000000733c00000)
  eden space 49152K, 100% used [0x0000000730000000, 0x0000000733000000, 0x0000000733000000)
  from space 6144K,  37% used [0x0000000733000000, 0x000000073323bb58, 0x0000000733600000)
  to   space 6144K,   0% used [0x0000000733600000, 0x0000000733600000, 0x0000000733c00000)
 concurrent mark-sweep generation total 102300K, used 61379K [0x0000000733c00000, 0x0000000739fe7000, 0x00000007f0000000)
 concurrent-mark-sweep perm gen total 262144K, used 54760K [0x00000007f0000000, 0x0000000800000000, 0x0000000800000000)
Event: 91.328 GC heap after
Heap after GC invocations=21 (full 7):
 par new generation   total 55296K, used 4913K [0x0000000730000000, 0x0000000733c00000, 0x0000000733c00000)
  eden space 49152K,   0% used [0x0000000730000000, 0x0000000730000000, 0x0000000733000000)
  from space 6144K,  79% used [0x0000000733600000, 0x0000000733acc6e0, 0x0000000733c00000)
  to   space 6144K,   0% used [0x0000000733000000, 0x0000000733000000, 0x0000000733600000)
 concurrent mark-sweep generation total 102300K, used 61379K [0x0000000733c00000, 0x0000000739fe7000, 0x00000007f0000000)
 concurrent-mark-sweep perm gen total 262144K, used 54760K [0x00000007f0000000, 0x0000000800000000, 0x0000000800000000)
}
Event: 92.363 GC heap before
{Heap before GC invocations=21 (full 7):
 par new generation   total 55296K, used 54065K [0x0000000730000000, 0x0000000733c00000, 0x0000000733c00000)
  eden space 49152K, 100% used [0x0000000730000000, 0x0000000733000000, 0x0000000733000000)
  from space 6144K,  79% used [0x0000000733600000, 0x0000000733acc6e0, 0x0000000733c00000)
  to   space 6144K,   0% used [0x0000000733000000, 0x0000000733000000, 0x0000000733600000)
 concurrent mark-sweep generation total 102300K, used 61379K [0x0000000733c00000, 0x0000000739fe7000, 0x00000007f0000000)
 concurrent-mark-sweep perm gen total 262144K, used 54841K [0x00000007f0000000, 0x0000000800000000, 0x0000000800000000)
Event: 92.378 GC heap after
Heap after GC invocations=22 (full 7):
 par new generation   total 55296K, used 3554K [0x0000000730000000, 0x0000000733c00000, 0x0000000733c00000)
  eden space 49152K,   0% used [0x0000000730000000, 0x0000000730000000, 0x0000000733000000)
  from space 6144K,  57% used [0x0000000733000000, 0x00000007333789f0, 0x0000000733600000)
  to   space 6144K,   0% used [0x0000000733600000, 0x0000000733600000, 0x0000000733c00000)
 concurrent mark-sweep generation total 102300K, used 64631K [0x0000000733c00000, 0x0000000739fe7000, 0x00000007f0000000)
 concurrent-mark-sweep perm gen total 262144K, used 54841K [0x00000007f0000000, 0x0000000800000000, 0x0000000800000000)
}
Event: 93.458 GC heap before
{Heap before GC invocations=22 (full 7):
 par new generation   total 55296K, used 52706K [0x0000000730000000, 0x0000000733c00000, 0x0000000733c00000)
  eden space 49152K, 100% used [0x0000000730000000, 0x0000000733000000, 0x0000000733000000)
  from space 6144K,  57% used [0x0000000733000000, 0x00000007333789f0, 0x0000000733600000)
  to   space 6144K,   0% used [0x0000000733600000, 0x0000000733600000, 0x0000000733c00000)
 concurrent mark-sweep generation total 102300K, used 64631K [0x0000000733c00000, 0x0000000739fe7000, 0x00000007f0000000)
 concurrent-mark-sweep perm gen total 262144K, used 55633K [0x00000007f0000000, 0x0000000800000000, 0x0000000800000000)
Event: 93.467 GC heap after
Heap after GC invocations=23 (full 7):
 par new generation   total 55296K, used 2550K [0x0000000730000000, 0x0000000733c00000, 0x0000000733c00000)
  eden space 49152K,   0% used [0x0000000730000000, 0x0000000730000000, 0x0000000733000000)
  from space 6144K,  41% used [0x0000000733600000, 0x000000073387dbc8, 0x0000000733c00000)
  to   space 6144K,   0% used [0x0000000733000000, 0x0000000733000000, 0x0000000733600000)
 concurrent mark-sweep generation total 102300K, used 64631K [0x0000000733c00000, 0x0000000739fe7000, 0x00000007f0000000)
 concurrent-mark-sweep perm gen total 262144K, used 55633K [0x00000007f0000000, 0x0000000800000000, 0x0000000800000000)
}

